2021-02-05 08:53:15.771  INFO 9272 --- [restartedMain] c.hoperun.pesystem.PesystemApplication   : Starting PesystemApplication using Java 1.8.0_251 on NOTE170076 with PID 9272 (E:\Ideaproject\Points_Exchange_System\target\classes started by Administrator in E:\Ideaproject\Points_Exchange_System)
2021-02-05 08:53:15.893  INFO 9272 --- [restartedMain] c.hoperun.pesystem.PesystemApplication   : No active profile set, falling back to default profiles: default
2021-02-05 08:53:15.980  INFO 9272 --- [restartedMain] .e.DevToolsPropertyDefaultsPostProcessor : Devtools property defaults active! Set 'spring.devtools.add-properties' to 'false' to disable
2021-02-05 08:53:15.981  INFO 9272 --- [restartedMain] .e.DevToolsPropertyDefaultsPostProcessor : For additional web related logging consider setting the 'logging.level.web' property to 'DEBUG'
2021-02-05 08:53:17.488  INFO 9272 --- [restartedMain] o.s.b.w.embedded.tomcat.TomcatWebServer  : Tomcat initialized with port(s): 8080 (http)
2021-02-05 08:53:17.496  INFO 9272 --- [restartedMain] o.apache.catalina.core.StandardService   : Starting service [Tomcat]
2021-02-05 08:53:17.497  INFO 9272 --- [restartedMain] org.apache.catalina.core.StandardEngine  : Starting Servlet engine: [Apache Tomcat/9.0.41]
2021-02-05 08:53:17.563  INFO 9272 --- [restartedMain] o.a.c.c.C.[Tomcat].[localhost].[/]       : Initializing Spring embedded WebApplicationContext
2021-02-05 08:53:17.563  INFO 9272 --- [restartedMain] w.s.c.ServletWebServerApplicationContext : Root WebApplicationContext: initialization completed in 1580 ms
2021-02-05 08:53:18.231  INFO 9272 --- [restartedMain] o.s.s.concurrent.ThreadPoolTaskExecutor  : Initializing ExecutorService 'applicationTaskExecutor'
2021-02-05 08:53:18.539  INFO 9272 --- [restartedMain] o.s.s.c.ThreadPoolTaskScheduler          : Initializing ExecutorService 'taskScheduler'
2021-02-05 08:53:18.575  INFO 9272 --- [restartedMain] o.s.b.d.a.OptionalLiveReloadServer       : LiveReload server is running on port 35729
2021-02-05 08:53:18.611  INFO 9272 --- [restartedMain] o.s.b.w.embedded.tomcat.TomcatWebServer  : Tomcat started on port(s): 8080 (http) with context path ''
2021-02-05 08:53:18.624  INFO 9272 --- [restartedMain] c.hoperun.pesystem.PesystemApplication   : Started PesystemApplication in 3.445 seconds (JVM running for 4.68)
2021-02-05 09:07:40.060  INFO 10732 --- [restartedMain] c.hoperun.pesystem.PesystemApplication   : Starting PesystemApplication using Java 1.8.0_251 on NOTE170076 with PID 10732 (E:\Ideaproject\Points_Exchange_System\target\classes started by Administrator in E:\Ideaproject\Points_Exchange_System)
2021-02-05 09:07:40.064  INFO 10732 --- [restartedMain] c.hoperun.pesystem.PesystemApplication   : No active profile set, falling back to default profiles: default
2021-02-05 09:07:40.206  INFO 10732 --- [restartedMain] .e.DevToolsPropertyDefaultsPostProcessor : Devtools property defaults active! Set 'spring.devtools.add-properties' to 'false' to disable
2021-02-05 09:07:40.207  INFO 10732 --- [restartedMain] .e.DevToolsPropertyDefaultsPostProcessor : For additional web related logging consider setting the 'logging.level.web' property to 'DEBUG'
2021-02-05 09:07:41.809  INFO 10732 --- [restartedMain] o.s.b.w.embedded.tomcat.TomcatWebServer  : Tomcat initialized with port(s): 8080 (http)
2021-02-05 09:07:41.819  INFO 10732 --- [restartedMain] o.apache.catalina.core.StandardService   : Starting service [Tomcat]
2021-02-05 09:07:41.819  INFO 10732 --- [restartedMain] org.apache.catalina.core.StandardEngine  : Starting Servlet engine: [Apache Tomcat/9.0.41]
2021-02-05 09:07:41.890  INFO 10732 --- [restartedMain] o.a.c.c.C.[Tomcat].[localhost].[/]       : Initializing Spring embedded WebApplicationContext
2021-02-05 09:07:41.890  INFO 10732 --- [restartedMain] w.s.c.ServletWebServerApplicationContext : Root WebApplicationContext: initialization completed in 1682 ms
2021-02-05 09:07:42.599  INFO 10732 --- [restartedMain] o.s.s.concurrent.ThreadPoolTaskExecutor  : Initializing ExecutorService 'applicationTaskExecutor'
2021-02-05 09:07:42.920  INFO 10732 --- [restartedMain] o.s.s.c.ThreadPoolTaskScheduler          : Initializing ExecutorService 'taskScheduler'
2021-02-05 09:07:42.960  INFO 10732 --- [restartedMain] o.s.b.d.a.OptionalLiveReloadServer       : LiveReload server is running on port 35729
2021-02-05 09:07:43.000  INFO 10732 --- [restartedMain] o.s.b.w.embedded.tomcat.TomcatWebServer  : Tomcat started on port(s): 8080 (http) with context path ''
2021-02-05 09:07:43.012  INFO 10732 --- [restartedMain] c.hoperun.pesystem.PesystemApplication   : Started PesystemApplication in 3.641 seconds (JVM running for 4.917)
2021-02-05 09:08:25.659  INFO 10732 --- [http-nio-8080-exec-2] o.a.c.c.C.[Tomcat].[localhost].[/]       : Initializing Spring DispatcherServlet 'dispatcherServlet'
2021-02-05 09:08:25.660  INFO 10732 --- [http-nio-8080-exec-2] o.s.web.servlet.DispatcherServlet        : Initializing Servlet 'dispatcherServlet'
2021-02-05 09:08:25.665  INFO 10732 --- [http-nio-8080-exec-2] o.s.web.servlet.DispatcherServlet        : Completed initialization in 2 ms
2021-02-05 09:12:06.408  INFO 10732 --- [http-nio-8080-exec-6] com.zaxxer.hikari.HikariDataSource       : HikariPool-1 - Starting...
2021-02-05 09:12:06.959  INFO 10732 --- [http-nio-8080-exec-6] com.zaxxer.hikari.HikariDataSource       : HikariPool-1 - Start completed.
2021-02-05 09:12:06.966 DEBUG 10732 --- [http-nio-8080-exec-6] c.h.p.mapper.UserMapper.selectByExample  : ==>  Preparing: select user_id, user_username, user_password, user_phone_number, user_caption_url, user_birthday, user_integral from t_user WHERE ( user_phone_number = ? )
2021-02-05 09:12:06.988 DEBUG 10732 --- [http-nio-8080-exec-6] c.h.p.mapper.UserMapper.selectByExample  : ==> Parameters: 18792922021(String)
2021-02-05 09:12:07.033 DEBUG 10732 --- [http-nio-8080-exec-6] c.h.p.mapper.UserMapper.selectByExample  : <==      Total: 1
2021-02-05 09:12:07.039 DEBUG 10732 --- [http-nio-8080-exec-6] c.h.p.mapper.UserMapper.selectByExample  : ==>  Preparing: select user_id, user_username, user_password, user_phone_number, user_caption_url, user_birthday, user_integral from t_user WHERE ( user_phone_number = ? )
2021-02-05 09:12:07.040 DEBUG 10732 --- [http-nio-8080-exec-6] c.h.p.mapper.UserMapper.selectByExample  : ==> Parameters: 18792922021(String)
2021-02-05 09:12:07.068 DEBUG 10732 --- [http-nio-8080-exec-6] c.h.p.mapper.UserMapper.selectByExample  : <==      Total: 1
2021-02-05 09:13:06.130 DEBUG 10732 --- [http-nio-8080-exec-8] c.h.p.mapper.UserMapper.selectByExample  : ==>  Preparing: select user_id, user_username, user_password, user_phone_number, user_caption_url, user_birthday, user_integral from t_user WHERE ( user_phone_number = ? )
2021-02-05 09:13:06.131 DEBUG 10732 --- [http-nio-8080-exec-8] c.h.p.mapper.UserMapper.selectByExample  : ==> Parameters: 18792922021(String)
2021-02-05 09:13:06.162 DEBUG 10732 --- [http-nio-8080-exec-8] c.h.p.mapper.UserMapper.selectByExample  : <==      Total: 1
2021-02-05 09:13:06.182 DEBUG 10732 --- [http-nio-8080-exec-8] c.h.p.m.ExchangeMapper.selectByExample   : ==>  Preparing: select ex_id, ex_goods_id, ex_time, ex_goods_name, ex_goods_integral, ex_num, ex_user_id from t_exchange WHERE ( ex_user_id = ? )
2021-02-05 09:13:06.183 DEBUG 10732 --- [http-nio-8080-exec-8] c.h.p.m.ExchangeMapper.selectByExample   : ==> Parameters: 1(Integer)
2021-02-05 09:13:06.210 DEBUG 10732 --- [http-nio-8080-exec-8] c.h.p.m.ExchangeMapper.selectByExample   : <==      Total: 1
2021-02-05 09:13:19.584 DEBUG 10732 --- [http-nio-8080-exec-7] c.h.p.mapper.UserMapper.selectByExample  : ==>  Preparing: select user_id, user_username, user_password, user_phone_number, user_caption_url, user_birthday, user_integral from t_user WHERE ( user_phone_number = ? )
2021-02-05 09:13:19.590 DEBUG 10732 --- [http-nio-8080-exec-7] c.h.p.mapper.UserMapper.selectByExample  : ==> Parameters: 18792922021(String)
2021-02-05 09:13:19.624 DEBUG 10732 --- [http-nio-8080-exec-7] c.h.p.mapper.UserMapper.selectByExample  : <==      Total: 1
2021-02-05 09:13:19.633 DEBUG 10732 --- [http-nio-8080-exec-7] c.h.p.m.ExchangeMapper.selectByExample   : ==>  Preparing: select ex_id, ex_goods_id, ex_time, ex_goods_name, ex_goods_integral, ex_num, ex_user_id from t_exchange WHERE ( ex_user_id = ? )
2021-02-05 09:13:19.635 DEBUG 10732 --- [http-nio-8080-exec-7] c.h.p.m.ExchangeMapper.selectByExample   : ==> Parameters: 1(Integer)
2021-02-05 09:13:19.669 DEBUG 10732 --- [http-nio-8080-exec-7] c.h.p.m.ExchangeMapper.selectByExample   : <==      Total: 1
2021-02-05 09:13:25.418 DEBUG 10732 --- [http-nio-8080-exec-9] c.h.p.mapper.UserMapper.selectByExample  : ==>  Preparing: select user_id, user_username, user_password, user_phone_number, user_caption_url, user_birthday, user_integral from t_user WHERE ( user_phone_number = ? )
2021-02-05 09:13:25.419 DEBUG 10732 --- [http-nio-8080-exec-9] c.h.p.mapper.UserMapper.selectByExample  : ==> Parameters: 18792922021(String)
2021-02-05 09:13:25.445 DEBUG 10732 --- [http-nio-8080-exec-9] c.h.p.mapper.UserMapper.selectByExample  : <==      Total: 1
2021-02-05 09:13:25.447 DEBUG 10732 --- [http-nio-8080-exec-9] c.h.p.m.ExchangeMapper.selectByExample   : ==>  Preparing: select ex_id, ex_goods_id, ex_time, ex_goods_name, ex_goods_integral, ex_num, ex_user_id from t_exchange WHERE ( ex_user_id = ? )
2021-02-05 09:13:25.448 DEBUG 10732 --- [http-nio-8080-exec-9] c.h.p.m.ExchangeMapper.selectByExample   : ==> Parameters: 1(Integer)
2021-02-05 09:13:25.475 DEBUG 10732 --- [http-nio-8080-exec-9] c.h.p.m.ExchangeMapper.selectByExample   : <==      Total: 1
2021-02-05 09:13:53.927 DEBUG 10732 --- [http-nio-8080-exec-10] c.h.p.mapper.UserMapper.selectByExample  : ==>  Preparing: select user_id, user_username, user_password, user_phone_number, user_caption_url, user_birthday, user_integral from t_user WHERE ( user_phone_number = ? )
2021-02-05 09:13:53.928 DEBUG 10732 --- [http-nio-8080-exec-10] c.h.p.mapper.UserMapper.selectByExample  : ==> Parameters: 18792922021(String)
2021-02-05 09:13:53.955 DEBUG 10732 --- [http-nio-8080-exec-10] c.h.p.mapper.UserMapper.selectByExample  : <==      Total: 1
2021-02-05 09:13:53.957 DEBUG 10732 --- [http-nio-8080-exec-10] c.h.p.m.ExchangeMapper.selectByExample   : ==>  Preparing: select ex_id, ex_goods_id, ex_time, ex_goods_name, ex_goods_integral, ex_num, ex_user_id from t_exchange WHERE ( ex_user_id = ? )
2021-02-05 09:13:53.957 DEBUG 10732 --- [http-nio-8080-exec-10] c.h.p.m.ExchangeMapper.selectByExample   : ==> Parameters: 1(Integer)
2021-02-05 09:13:53.984 DEBUG 10732 --- [http-nio-8080-exec-10] c.h.p.m.ExchangeMapper.selectByExample   : <==      Total: 0
2021-02-05 09:14:00.703 DEBUG 10732 --- [http-nio-8080-exec-1] c.h.p.mapper.TypeMapper.selectByExample  : ==>  Preparing: select type_id, type_flag, type_name from t_type WHERE ( type_flag = ? )
2021-02-05 09:14:00.704 DEBUG 10732 --- [http-nio-8080-exec-1] c.h.p.mapper.TypeMapper.selectByExample  : ==> Parameters: 3(Integer)
2021-02-05 09:14:00.731 DEBUG 10732 --- [http-nio-8080-exec-1] c.h.p.mapper.TypeMapper.selectByExample  : <==      Total: 0
2021-02-05 09:14:07.490 DEBUG 10732 --- [http-nio-8080-exec-2] c.h.p.m.G.selectByExample_COUNT          : ==>  Preparing: SELECT count(0) FROM t_goods WHERE (goods_type_id = ? AND goods_flag = ?)
2021-02-05 09:14:07.492 DEBUG 10732 --- [http-nio-8080-exec-2] c.h.p.m.G.selectByExample_COUNT          : ==> Parameters: 1(Integer), 0(Integer)
2021-02-05 09:14:07.525 DEBUG 10732 --- [http-nio-8080-exec-2] c.h.p.m.G.selectByExample_COUNT          : <==      Total: 1
2021-02-05 09:14:07.530 DEBUG 10732 --- [http-nio-8080-exec-2] c.h.p.m.GoodsMapper.selectByExample      : ==>  Preparing: select goods_id, goods_name, goods_type_id, goods_integral, goods_photo_index_big_url, goods_photo_index_sm_url, goods_photo_url, goods_start_time, goods_end_time, goods_introduce, goods_flag from t_goods WHERE ( goods_type_id = ? and goods_flag = ? ) LIMIT ?
2021-02-05 09:14:07.531 DEBUG 10732 --- [http-nio-8080-exec-2] c.h.p.m.GoodsMapper.selectByExample      : ==> Parameters: 1(Integer), 0(Integer), 8(Integer)
2021-02-05 09:14:07.558 DEBUG 10732 --- [http-nio-8080-exec-2] c.h.p.m.GoodsMapper.selectByExample      : <==      Total: 2
2021-02-05 09:14:17.390 DEBUG 10732 --- [http-nio-8080-exec-3] c.h.p.m.GoodsMapper.selectByExample      : ==>  Preparing: select goods_id, goods_name, goods_type_id, goods_integral, goods_photo_index_big_url, goods_photo_index_sm_url, goods_photo_url, goods_start_time, goods_end_time, goods_introduce, goods_flag from t_goods WHERE ( goods_id = ? )
2021-02-05 09:14:17.391 DEBUG 10732 --- [http-nio-8080-exec-3] c.h.p.m.GoodsMapper.selectByExample      : ==> Parameters: 1(Integer)
2021-02-05 09:14:17.418 DEBUG 10732 --- [http-nio-8080-exec-3] c.h.p.m.GoodsMapper.selectByExample      : <==      Total: 1
2021-02-05 09:14:22.294 DEBUG 10732 --- [http-nio-8080-exec-4] c.h.p.m.ActivityMapper.selectByExample   : ==>  Preparing: select a_id, a_title, a_type, a_start_time, a_end_time, a_address, a_photo_index_big_url, a_photo_index_sm_url, a_photo_url, a_introduce, a_flag from t_activity WHERE ( a_flag = ? )
2021-02-05 09:14:22.295 DEBUG 10732 --- [http-nio-8080-exec-4] c.h.p.m.ActivityMapper.selectByExample   : ==> Parameters: 3(Integer)
2021-02-05 09:14:22.321 DEBUG 10732 --- [http-nio-8080-exec-4] c.h.p.m.ActivityMapper.selectByExample   : <==      Total: 0
2021-02-05 09:14:22.324 DEBUG 10732 --- [http-nio-8080-exec-4] c.h.p.m.GoodsMapper.selectByExample      : ==>  Preparing: select goods_id, goods_name, goods_type_id, goods_integral, goods_photo_index_big_url, goods_photo_index_sm_url, goods_photo_url, goods_start_time, goods_end_time, goods_introduce, goods_flag from t_goods WHERE ( goods_flag = ? )
2021-02-05 09:14:22.325 DEBUG 10732 --- [http-nio-8080-exec-4] c.h.p.m.GoodsMapper.selectByExample      : ==> Parameters: 3(Integer)
2021-02-05 09:14:22.352 DEBUG 10732 --- [http-nio-8080-exec-4] c.h.p.m.GoodsMapper.selectByExample      : <==      Total: 0
2021-02-05 09:14:22.360 DEBUG 10732 --- [http-nio-8080-exec-4] c.h.p.m.StudyMapper.selectByExample      : ==>  Preparing: select stu_id, stu_title, stu_introduce, stu_type_id, stu_browse_number, stu_praise_number, stu_photo_index_big__url, stu_photo_index_sm_url, stu_photo_url, stu_start_time, stu_end_time, stu_flag from t_study WHERE ( stu_flag = ? )
2021-02-05 09:14:22.360 DEBUG 10732 --- [http-nio-8080-exec-4] c.h.p.m.StudyMapper.selectByExample      : ==> Parameters: 3(Integer)
2021-02-05 09:14:22.386 DEBUG 10732 --- [http-nio-8080-exec-4] c.h.p.m.StudyMapper.selectByExample      : <==      Total: 0
2021-02-05 09:15:20.721 DEBUG 10732 --- [http-nio-8080-exec-5] c.h.p.mapper.UserMapper.selectByExample  : ==>  Preparing: select user_id, user_username, user_password, user_phone_number, user_caption_url, user_birthday, user_integral from t_user WHERE ( user_phone_number = ? )
2021-02-05 09:15:20.721 DEBUG 10732 --- [http-nio-8080-exec-5] c.h.p.mapper.UserMapper.selectByExample  : ==> Parameters: 18792922021(String)
2021-02-05 09:15:20.753 DEBUG 10732 --- [http-nio-8080-exec-5] c.h.p.mapper.UserMapper.selectByExample  : <==      Total: 1
2021-02-05 09:15:20.757 DEBUG 10732 --- [http-nio-8080-exec-5] c.h.p.m.GoodsMapper.selectByPrimaryKey   : ==>  Preparing: select goods_id, goods_name, goods_type_id, goods_integral, goods_photo_index_big_url, goods_photo_index_sm_url, goods_photo_url, goods_start_time, goods_end_time, goods_introduce, goods_flag , goods_infromation from t_goods where goods_id = ?
2021-02-05 09:15:20.758 DEBUG 10732 --- [http-nio-8080-exec-5] c.h.p.m.GoodsMapper.selectByPrimaryKey   : ==> Parameters: 1(Integer)
2021-02-05 09:15:20.787 DEBUG 10732 --- [http-nio-8080-exec-5] c.h.p.m.GoodsMapper.selectByPrimaryKey   : <==      Total: 1
2021-02-05 09:15:20.789 DEBUG 10732 --- [http-nio-8080-exec-5] c.h.p.m.U.updateByPrimaryKeySelective    : ==>  Preparing: update t_user SET user_integral = ? where user_id = ?
2021-02-05 09:15:20.790 DEBUG 10732 --- [http-nio-8080-exec-5] c.h.p.m.U.updateByPrimaryKeySelective    : ==> Parameters: 9989(Integer), 1(Integer)
2021-02-05 09:15:20.844 DEBUG 10732 --- [http-nio-8080-exec-5] c.h.p.m.U.updateByPrimaryKeySelective    : <==    Updates: 1
2021-02-05 09:15:20.845 DEBUG 10732 --- [http-nio-8080-exec-5] c.h.p.mapper.ExchangeMapper.insert       : ==>  Preparing: insert into t_exchange (ex_id, ex_goods_id, ex_time, ex_goods_name, ex_goods_integral, ex_num, ex_user_id) values (?, ?, ?, ?, ?, ?, ?)
2021-02-05 09:15:20.848 DEBUG 10732 --- [http-nio-8080-exec-5] c.h.p.mapper.ExchangeMapper.insert       : ==> Parameters: null, 1(Integer), 2021-02-05 09:15:20.844(Timestamp), go1(String), 11(Integer), 1(Integer), 1(Integer)
2021-02-05 09:15:20.902 DEBUG 10732 --- [http-nio-8080-exec-5] c.h.p.mapper.ExchangeMapper.insert       : <==    Updates: 1
2021-02-05 09:15:49.049 DEBUG 10732 --- [http-nio-8080-exec-6] c.h.p.mapper.UserMapper.selectByExample  : ==>  Preparing: select user_id, user_username, user_password, user_phone_number, user_caption_url, user_birthday, user_integral from t_user WHERE ( user_phone_number = ? )
2021-02-05 09:15:49.050 DEBUG 10732 --- [http-nio-8080-exec-6] c.h.p.mapper.UserMapper.selectByExample  : ==> Parameters: 18792922021(String)
2021-02-05 09:15:49.077 DEBUG 10732 --- [http-nio-8080-exec-6] c.h.p.mapper.UserMapper.selectByExample  : <==      Total: 1
2021-02-05 09:15:49.079 DEBUG 10732 --- [http-nio-8080-exec-6] c.h.p.m.ExchangeMapper.selectByExample   : ==>  Preparing: select ex_id, ex_goods_id, ex_time, ex_goods_name, ex_goods_integral, ex_num, ex_user_id from t_exchange WHERE ( ex_user_id = ? )
2021-02-05 09:15:49.080 DEBUG 10732 --- [http-nio-8080-exec-6] c.h.p.m.ExchangeMapper.selectByExample   : ==> Parameters: 1(Integer)
2021-02-05 09:15:49.106 DEBUG 10732 --- [http-nio-8080-exec-6] c.h.p.m.ExchangeMapper.selectByExample   : <==      Total: 1
2021-02-05 09:20:44.641 DEBUG 10732 --- [http-nio-8080-exec-9] c.h.p.mapper.UserMapper.selectByExample  : ==>  Preparing: select user_id, user_username, user_password, user_phone_number, user_caption_url, user_birthday, user_integral from t_user WHERE ( user_phone_number = ? )
2021-02-05 09:20:44.642 DEBUG 10732 --- [http-nio-8080-exec-9] c.h.p.mapper.UserMapper.selectByExample  : ==> Parameters: 18792922021(String)
2021-02-05 09:20:44.670 DEBUG 10732 --- [http-nio-8080-exec-9] c.h.p.mapper.UserMapper.selectByExample  : <==      Total: 1
2021-02-05 09:20:44.672 DEBUG 10732 --- [http-nio-8080-exec-9] c.h.p.m.GoodsMapper.selectByPrimaryKey   : ==>  Preparing: select goods_id, goods_name, goods_type_id, goods_integral, goods_photo_index_big_url, goods_photo_index_sm_url, goods_photo_url, goods_start_time, goods_end_time, goods_introduce, goods_flag , goods_infromation from t_goods where goods_id = ?
2021-02-05 09:20:44.672 DEBUG 10732 --- [http-nio-8080-exec-9] c.h.p.m.GoodsMapper.selectByPrimaryKey   : ==> Parameters: 1(Integer)
2021-02-05 09:20:44.701 DEBUG 10732 --- [http-nio-8080-exec-9] c.h.p.m.GoodsMapper.selectByPrimaryKey   : <==      Total: 1
2021-02-05 09:20:46.267 DEBUG 10732 --- [http-nio-8080-exec-10] c.h.p.mapper.UserMapper.selectByExample  : ==>  Preparing: select user_id, user_username, user_password, user_phone_number, user_caption_url, user_birthday, user_integral from t_user WHERE ( user_phone_number = ? )
2021-02-05 09:20:46.268 DEBUG 10732 --- [http-nio-8080-exec-10] c.h.p.mapper.UserMapper.selectByExample  : ==> Parameters: 18792922021(String)
2021-02-05 09:20:46.299 DEBUG 10732 --- [http-nio-8080-exec-10] c.h.p.mapper.UserMapper.selectByExample  : <==      Total: 1
2021-02-05 09:20:46.302 DEBUG 10732 --- [http-nio-8080-exec-10] c.h.p.m.GoodsMapper.selectByPrimaryKey   : ==>  Preparing: select goods_id, goods_name, goods_type_id, goods_integral, goods_photo_index_big_url, goods_photo_index_sm_url, goods_photo_url, goods_start_time, goods_end_time, goods_introduce, goods_flag , goods_infromation from t_goods where goods_id = ?
2021-02-05 09:20:46.304 DEBUG 10732 --- [http-nio-8080-exec-10] c.h.p.m.GoodsMapper.selectByPrimaryKey   : ==> Parameters: 1(Integer)
2021-02-05 09:20:46.335 DEBUG 10732 --- [http-nio-8080-exec-10] c.h.p.m.GoodsMapper.selectByPrimaryKey   : <==      Total: 1
2021-02-05 09:20:47.316 DEBUG 10732 --- [http-nio-8080-exec-1] c.h.p.mapper.UserMapper.selectByExample  : ==>  Preparing: select user_id, user_username, user_password, user_phone_number, user_caption_url, user_birthday, user_integral from t_user WHERE ( user_phone_number = ? )
2021-02-05 09:20:47.316 DEBUG 10732 --- [http-nio-8080-exec-1] c.h.p.mapper.UserMapper.selectByExample  : ==> Parameters: 18792922021(String)
2021-02-05 09:20:47.343 DEBUG 10732 --- [http-nio-8080-exec-1] c.h.p.mapper.UserMapper.selectByExample  : <==      Total: 1
2021-02-05 09:20:47.345 DEBUG 10732 --- [http-nio-8080-exec-1] c.h.p.m.GoodsMapper.selectByPrimaryKey   : ==>  Preparing: select goods_id, goods_name, goods_type_id, goods_integral, goods_photo_index_big_url, goods_photo_index_sm_url, goods_photo_url, goods_start_time, goods_end_time, goods_introduce, goods_flag , goods_infromation from t_goods where goods_id = ?
2021-02-05 09:20:47.345 DEBUG 10732 --- [http-nio-8080-exec-1] c.h.p.m.GoodsMapper.selectByPrimaryKey   : ==> Parameters: 1(Integer)
2021-02-05 09:20:47.371 DEBUG 10732 --- [http-nio-8080-exec-1] c.h.p.m.GoodsMapper.selectByPrimaryKey   : <==      Total: 1
2021-02-05 09:20:48.094 DEBUG 10732 --- [http-nio-8080-exec-2] c.h.p.mapper.UserMapper.selectByExample  : ==>  Preparing: select user_id, user_username, user_password, user_phone_number, user_caption_url, user_birthday, user_integral from t_user WHERE ( user_phone_number = ? )
2021-02-05 09:20:48.096 DEBUG 10732 --- [http-nio-8080-exec-2] c.h.p.mapper.UserMapper.selectByExample  : ==> Parameters: 18792922021(String)
2021-02-05 09:20:48.125 DEBUG 10732 --- [http-nio-8080-exec-2] c.h.p.mapper.UserMapper.selectByExample  : <==      Total: 1
2021-02-05 09:20:48.131 DEBUG 10732 --- [http-nio-8080-exec-2] c.h.p.m.GoodsMapper.selectByPrimaryKey   : ==>  Preparing: select goods_id, goods_name, goods_type_id, goods_integral, goods_photo_index_big_url, goods_photo_index_sm_url, goods_photo_url, goods_start_time, goods_end_time, goods_introduce, goods_flag , goods_infromation from t_goods where goods_id = ?
2021-02-05 09:20:48.133 DEBUG 10732 --- [http-nio-8080-exec-2] c.h.p.m.GoodsMapper.selectByPrimaryKey   : ==> Parameters: 1(Integer)
2021-02-05 09:20:48.165 DEBUG 10732 --- [http-nio-8080-exec-2] c.h.p.m.GoodsMapper.selectByPrimaryKey   : <==      Total: 1
2021-02-05 09:20:48.635 DEBUG 10732 --- [http-nio-8080-exec-3] c.h.p.mapper.UserMapper.selectByExample  : ==>  Preparing: select user_id, user_username, user_password, user_phone_number, user_caption_url, user_birthday, user_integral from t_user WHERE ( user_phone_number = ? )
2021-02-05 09:20:48.636 DEBUG 10732 --- [http-nio-8080-exec-3] c.h.p.mapper.UserMapper.selectByExample  : ==> Parameters: 18792922021(String)
2021-02-05 09:20:48.663 DEBUG 10732 --- [http-nio-8080-exec-3] c.h.p.mapper.UserMapper.selectByExample  : <==      Total: 1
2021-02-05 09:20:48.665 DEBUG 10732 --- [http-nio-8080-exec-3] c.h.p.m.GoodsMapper.selectByPrimaryKey   : ==>  Preparing: select goods_id, goods_name, goods_type_id, goods_integral, goods_photo_index_big_url, goods_photo_index_sm_url, goods_photo_url, goods_start_time, goods_end_time, goods_introduce, goods_flag , goods_infromation from t_goods where goods_id = ?
2021-02-05 09:20:48.666 DEBUG 10732 --- [http-nio-8080-exec-3] c.h.p.m.GoodsMapper.selectByPrimaryKey   : ==> Parameters: 1(Integer)
2021-02-05 09:20:48.694 DEBUG 10732 --- [http-nio-8080-exec-3] c.h.p.m.GoodsMapper.selectByPrimaryKey   : <==      Total: 1
2021-02-05 09:20:49.669 DEBUG 10732 --- [http-nio-8080-exec-4] c.h.p.mapper.UserMapper.selectByExample  : ==>  Preparing: select user_id, user_username, user_password, user_phone_number, user_caption_url, user_birthday, user_integral from t_user WHERE ( user_phone_number = ? )
2021-02-05 09:20:49.670 DEBUG 10732 --- [http-nio-8080-exec-4] c.h.p.mapper.UserMapper.selectByExample  : ==> Parameters: 18792922021(String)
2021-02-05 09:20:49.696 DEBUG 10732 --- [http-nio-8080-exec-4] c.h.p.mapper.UserMapper.selectByExample  : <==      Total: 1
2021-02-05 09:20:49.697 DEBUG 10732 --- [http-nio-8080-exec-4] c.h.p.m.GoodsMapper.selectByPrimaryKey   : ==>  Preparing: select goods_id, goods_name, goods_type_id, goods_integral, goods_photo_index_big_url, goods_photo_index_sm_url, goods_photo_url, goods_start_time, goods_end_time, goods_introduce, goods_flag , goods_infromation from t_goods where goods_id = ?
2021-02-05 09:20:49.697 DEBUG 10732 --- [http-nio-8080-exec-4] c.h.p.m.GoodsMapper.selectByPrimaryKey   : ==> Parameters: 1(Integer)
2021-02-05 09:20:49.723 DEBUG 10732 --- [http-nio-8080-exec-4] c.h.p.m.GoodsMapper.selectByPrimaryKey   : <==      Total: 1
2021-02-05 09:20:50.523 DEBUG 10732 --- [http-nio-8080-exec-5] c.h.p.mapper.UserMapper.selectByExample  : ==>  Preparing: select user_id, user_username, user_password, user_phone_number, user_caption_url, user_birthday, user_integral from t_user WHERE ( user_phone_number = ? )
2021-02-05 09:20:50.524 DEBUG 10732 --- [http-nio-8080-exec-5] c.h.p.mapper.UserMapper.selectByExample  : ==> Parameters: 18792922021(String)
2021-02-05 09:20:50.550 DEBUG 10732 --- [http-nio-8080-exec-5] c.h.p.mapper.UserMapper.selectByExample  : <==      Total: 1
2021-02-05 09:20:50.551 DEBUG 10732 --- [http-nio-8080-exec-5] c.h.p.m.GoodsMapper.selectByPrimaryKey   : ==>  Preparing: select goods_id, goods_name, goods_type_id, goods_integral, goods_photo_index_big_url, goods_photo_index_sm_url, goods_photo_url, goods_start_time, goods_end_time, goods_introduce, goods_flag , goods_infromation from t_goods where goods_id = ?
2021-02-05 09:20:50.552 DEBUG 10732 --- [http-nio-8080-exec-5] c.h.p.m.GoodsMapper.selectByPrimaryKey   : ==> Parameters: 1(Integer)
2021-02-05 09:20:50.578 DEBUG 10732 --- [http-nio-8080-exec-5] c.h.p.m.GoodsMapper.selectByPrimaryKey   : <==      Total: 1
2021-02-05 09:20:51.339 DEBUG 10732 --- [http-nio-8080-exec-6] c.h.p.mapper.UserMapper.selectByExample  : ==>  Preparing: select user_id, user_username, user_password, user_phone_number, user_caption_url, user_birthday, user_integral from t_user WHERE ( user_phone_number = ? )
2021-02-05 09:20:51.341 DEBUG 10732 --- [http-nio-8080-exec-6] c.h.p.mapper.UserMapper.selectByExample  : ==> Parameters: 18792922021(String)
2021-02-05 09:20:51.379 DEBUG 10732 --- [http-nio-8080-exec-6] c.h.p.mapper.UserMapper.selectByExample  : <==      Total: 1
2021-02-05 09:20:51.381 DEBUG 10732 --- [http-nio-8080-exec-6] c.h.p.m.GoodsMapper.selectByPrimaryKey   : ==>  Preparing: select goods_id, goods_name, goods_type_id, goods_integral, goods_photo_index_big_url, goods_photo_index_sm_url, goods_photo_url, goods_start_time, goods_end_time, goods_introduce, goods_flag , goods_infromation from t_goods where goods_id = ?
2021-02-05 09:20:51.382 DEBUG 10732 --- [http-nio-8080-exec-6] c.h.p.m.GoodsMapper.selectByPrimaryKey   : ==> Parameters: 1(Integer)
2021-02-05 09:20:51.409 DEBUG 10732 --- [http-nio-8080-exec-6] c.h.p.m.GoodsMapper.selectByPrimaryKey   : <==      Total: 1
2021-02-05 09:21:56.363 DEBUG 10732 --- [http-nio-8080-exec-9] c.h.p.mapper.UserMapper.selectByExample  : ==>  Preparing: select user_id, user_username, user_password, user_phone_number, user_caption_url, user_birthday, user_integral from t_user WHERE ( user_phone_number = ? )
2021-02-05 09:21:56.365 DEBUG 10732 --- [http-nio-8080-exec-9] c.h.p.mapper.UserMapper.selectByExample  : ==> Parameters: 18792922021(String)
2021-02-05 09:21:56.397 DEBUG 10732 --- [http-nio-8080-exec-9] c.h.p.mapper.UserMapper.selectByExample  : <==      Total: 1
2021-02-05 09:21:56.401 DEBUG 10732 --- [http-nio-8080-exec-9] c.h.p.m.GoodsMapper.selectByPrimaryKey   : ==>  Preparing: select goods_id, goods_name, goods_type_id, goods_integral, goods_photo_index_big_url, goods_photo_index_sm_url, goods_photo_url, goods_start_time, goods_end_time, goods_introduce, goods_flag , goods_infromation from t_goods where goods_id = ?
2021-02-05 09:21:56.403 DEBUG 10732 --- [http-nio-8080-exec-9] c.h.p.m.GoodsMapper.selectByPrimaryKey   : ==> Parameters: 1(Integer)
2021-02-05 09:21:56.431 DEBUG 10732 --- [http-nio-8080-exec-9] c.h.p.m.GoodsMapper.selectByPrimaryKey   : <==      Total: 1
2021-02-05 09:21:56.435 DEBUG 10732 --- [http-nio-8080-exec-9] c.h.p.m.U.updateByPrimaryKeySelective    : ==>  Preparing: update t_user SET user_integral = ? where user_id = ?
2021-02-05 09:21:56.437 DEBUG 10732 --- [http-nio-8080-exec-9] c.h.p.m.U.updateByPrimaryKeySelective    : ==> Parameters: 0(Integer), 1(Integer)
2021-02-05 09:21:56.490 DEBUG 10732 --- [http-nio-8080-exec-9] c.h.p.m.U.updateByPrimaryKeySelective    : <==    Updates: 1
2021-02-05 09:21:56.492 DEBUG 10732 --- [http-nio-8080-exec-9] c.h.p.mapper.ExchangeMapper.insert       : ==>  Preparing: insert into t_exchange (ex_id, ex_goods_id, ex_time, ex_goods_name, ex_goods_integral, ex_num, ex_user_id) values (?, ?, ?, ?, ?, ?, ?)
2021-02-05 09:21:56.498 DEBUG 10732 --- [http-nio-8080-exec-9] c.h.p.mapper.ExchangeMapper.insert       : ==> Parameters: null, 1(Integer), 2021-02-05 09:21:56.492(Timestamp), go1(String), 11(Integer), 1(Integer), 1(Integer)
2021-02-05 09:21:56.551 DEBUG 10732 --- [http-nio-8080-exec-9] c.h.p.mapper.ExchangeMapper.insert       : <==    Updates: 1
2021-02-05 09:23:04.979 DEBUG 10732 --- [http-nio-8080-exec-2] c.h.p.mapper.UserMapper.selectByExample  : ==>  Preparing: select user_id, user_username, user_password, user_phone_number, user_caption_url, user_birthday, user_integral from t_user WHERE ( user_phone_number = ? )
2021-02-05 09:23:04.981 DEBUG 10732 --- [http-nio-8080-exec-2] c.h.p.mapper.UserMapper.selectByExample  : ==> Parameters: 18792922021(String)
2021-02-05 09:23:05.008 DEBUG 10732 --- [http-nio-8080-exec-2] c.h.p.mapper.UserMapper.selectByExample  : <==      Total: 1
2021-02-05 09:23:05.011 DEBUG 10732 --- [http-nio-8080-exec-2] c.h.p.m.GoodsMapper.selectByPrimaryKey   : ==>  Preparing: select goods_id, goods_name, goods_type_id, goods_integral, goods_photo_index_big_url, goods_photo_index_sm_url, goods_photo_url, goods_start_time, goods_end_time, goods_introduce, goods_flag , goods_infromation from t_goods where goods_id = ?
2021-02-05 09:23:05.012 DEBUG 10732 --- [http-nio-8080-exec-2] c.h.p.m.GoodsMapper.selectByPrimaryKey   : ==> Parameters: 1(Integer)
2021-02-05 09:23:05.037 DEBUG 10732 --- [http-nio-8080-exec-2] c.h.p.m.GoodsMapper.selectByPrimaryKey   : <==      Total: 1
2021-02-05 09:23:05.039 DEBUG 10732 --- [http-nio-8080-exec-2] c.h.p.m.U.updateByPrimaryKeySelective    : ==>  Preparing: update t_user SET user_integral = ? where user_id = ?
2021-02-05 09:23:05.039 DEBUG 10732 --- [http-nio-8080-exec-2] c.h.p.m.U.updateByPrimaryKeySelective    : ==> Parameters: 9890(Integer), 1(Integer)
2021-02-05 09:23:05.090 DEBUG 10732 --- [http-nio-8080-exec-2] c.h.p.m.U.updateByPrimaryKeySelective    : <==    Updates: 1
2021-02-05 09:23:05.091 DEBUG 10732 --- [http-nio-8080-exec-2] c.h.p.mapper.ExchangeMapper.insert       : ==>  Preparing: insert into t_exchange (ex_id, ex_goods_id, ex_time, ex_goods_name, ex_goods_integral, ex_num, ex_user_id) values (?, ?, ?, ?, ?, ?, ?)
2021-02-05 09:23:05.093 DEBUG 10732 --- [http-nio-8080-exec-2] c.h.p.mapper.ExchangeMapper.insert       : ==> Parameters: null, 1(Integer), 2021-02-05 09:23:05.09(Timestamp), go1(String), 11(Integer), 10(Integer), 1(Integer)
2021-02-05 09:23:05.145 DEBUG 10732 --- [http-nio-8080-exec-2] c.h.p.mapper.ExchangeMapper.insert       : <==    Updates: 1
2021-02-05 09:23:26.666 DEBUG 10732 --- [http-nio-8080-exec-3] c.h.p.mapper.UserMapper.selectByExample  : ==>  Preparing: select user_id, user_username, user_password, user_phone_number, user_caption_url, user_birthday, user_integral from t_user WHERE ( user_phone_number = ? )
2021-02-05 09:23:26.666 DEBUG 10732 --- [http-nio-8080-exec-3] c.h.p.mapper.UserMapper.selectByExample  : ==> Parameters: 18792922021(String)
2021-02-05 09:23:26.691 DEBUG 10732 --- [http-nio-8080-exec-3] c.h.p.mapper.UserMapper.selectByExample  : <==      Total: 1
2021-02-05 09:23:26.692 DEBUG 10732 --- [http-nio-8080-exec-3] c.h.p.m.GoodsMapper.selectByPrimaryKey   : ==>  Preparing: select goods_id, goods_name, goods_type_id, goods_integral, goods_photo_index_big_url, goods_photo_index_sm_url, goods_photo_url, goods_start_time, goods_end_time, goods_introduce, goods_flag , goods_infromation from t_goods where goods_id = ?
2021-02-05 09:23:26.692 DEBUG 10732 --- [http-nio-8080-exec-3] c.h.p.m.GoodsMapper.selectByPrimaryKey   : ==> Parameters: 2(Integer)
2021-02-05 09:23:26.718 DEBUG 10732 --- [http-nio-8080-exec-3] c.h.p.m.GoodsMapper.selectByPrimaryKey   : <==      Total: 1
2021-02-05 09:23:26.719 DEBUG 10732 --- [http-nio-8080-exec-3] c.h.p.m.U.updateByPrimaryKeySelective    : ==>  Preparing: update t_user SET user_integral = ? where user_id = ?
2021-02-05 09:23:26.719 DEBUG 10732 --- [http-nio-8080-exec-3] c.h.p.m.U.updateByPrimaryKeySelective    : ==> Parameters: 9675(Integer), 1(Integer)
2021-02-05 09:23:26.770 DEBUG 10732 --- [http-nio-8080-exec-3] c.h.p.m.U.updateByPrimaryKeySelective    : <==    Updates: 1
2021-02-05 09:23:26.771 DEBUG 10732 --- [http-nio-8080-exec-3] c.h.p.mapper.ExchangeMapper.insert       : ==>  Preparing: insert into t_exchange (ex_id, ex_goods_id, ex_time, ex_goods_name, ex_goods_integral, ex_num, ex_user_id) values (?, ?, ?, ?, ?, ?, ?)
2021-02-05 09:23:26.772 DEBUG 10732 --- [http-nio-8080-exec-3] c.h.p.mapper.ExchangeMapper.insert       : ==> Parameters: null, 2(Integer), 2021-02-05 09:23:26.77(Timestamp), go2(String), 43(Integer), 5(Integer), 1(Integer)
2021-02-05 09:23:26.821 DEBUG 10732 --- [http-nio-8080-exec-3] c.h.p.mapper.ExchangeMapper.insert       : <==    Updates: 1
2021-02-05 09:23:33.411 DEBUG 10732 --- [http-nio-8080-exec-4] c.h.p.mapper.UserMapper.selectByExample  : ==>  Preparing: select user_id, user_username, user_password, user_phone_number, user_caption_url, user_birthday, user_integral from t_user WHERE ( user_phone_number = ? )
2021-02-05 09:23:33.413 DEBUG 10732 --- [http-nio-8080-exec-4] c.h.p.mapper.UserMapper.selectByExample  : ==> Parameters: 18792922021(String)
2021-02-05 09:23:33.441 DEBUG 10732 --- [http-nio-8080-exec-4] c.h.p.mapper.UserMapper.selectByExample  : <==      Total: 1
2021-02-05 09:23:33.445 DEBUG 10732 --- [http-nio-8080-exec-4] c.h.p.m.GoodsMapper.selectByPrimaryKey   : ==>  Preparing: select goods_id, goods_name, goods_type_id, goods_integral, goods_photo_index_big_url, goods_photo_index_sm_url, goods_photo_url, goods_start_time, goods_end_time, goods_introduce, goods_flag , goods_infromation from t_goods where goods_id = ?
2021-02-05 09:23:33.447 DEBUG 10732 --- [http-nio-8080-exec-4] c.h.p.m.GoodsMapper.selectByPrimaryKey   : ==> Parameters: 8(Integer)
2021-02-05 09:23:33.476 DEBUG 10732 --- [http-nio-8080-exec-4] c.h.p.m.GoodsMapper.selectByPrimaryKey   : <==      Total: 0
2021-02-05 09:23:33.495 ERROR 10732 --- [http-nio-8080-exec-4] o.a.c.c.C.[.[.[/].[dispatcherServlet]    : Servlet.service() for servlet [dispatcherServlet] in context with path [] threw exception [Request processing failed; nested exception is java.lang.NullPointerException] with root cause

java.lang.NullPointerException: null
	at com.hoperun.pesystem.controller.ExchangeController.showGoodsListBy(ExchangeController.java:32) ~[classes/:na]
	at sun.reflect.NativeMethodAccessorImpl.invoke0(Native Method) ~[na:1.8.0_251]
	at sun.reflect.NativeMethodAccessorImpl.invoke(NativeMethodAccessorImpl.java:62) ~[na:1.8.0_251]
	at sun.reflect.DelegatingMethodAccessorImpl.invoke(DelegatingMethodAccessorImpl.java:43) ~[na:1.8.0_251]
	at java.lang.reflect.Method.invoke(Method.java:498) ~[na:1.8.0_251]
	at org.springframework.web.method.support.InvocableHandlerMethod.doInvoke(InvocableHandlerMethod.java:197) ~[spring-web-5.3.3.jar:5.3.3]
	at org.springframework.web.method.support.InvocableHandlerMethod.invokeForRequest(InvocableHandlerMethod.java:141) ~[spring-web-5.3.3.jar:5.3.3]
	at org.springframework.web.servlet.mvc.method.annotation.ServletInvocableHandlerMethod.invokeAndHandle(ServletInvocableHandlerMethod.java:106) ~[spring-webmvc-5.3.3.jar:5.3.3]
	at org.springframework.web.servlet.mvc.method.annotation.RequestMappingHandlerAdapter.invokeHandlerMethod(RequestMappingHandlerAdapter.java:894) ~[spring-webmvc-5.3.3.jar:5.3.3]
	at org.springframework.web.servlet.mvc.method.annotation.RequestMappingHandlerAdapter.handleInternal(RequestMappingHandlerAdapter.java:808) ~[spring-webmvc-5.3.3.jar:5.3.3]
	at org.springframework.web.servlet.mvc.method.AbstractHandlerMethodAdapter.handle(AbstractHandlerMethodAdapter.java:87) ~[spring-webmvc-5.3.3.jar:5.3.3]
	at org.springframework.web.servlet.DispatcherServlet.doDispatch(DispatcherServlet.java:1060) ~[spring-webmvc-5.3.3.jar:5.3.3]
	at org.springframework.web.servlet.DispatcherServlet.doService(DispatcherServlet.java:962) ~[spring-webmvc-5.3.3.jar:5.3.3]
	at org.springframework.web.servlet.FrameworkServlet.processRequest(FrameworkServlet.java:1006) ~[spring-webmvc-5.3.3.jar:5.3.3]
	at org.springframework.web.servlet.FrameworkServlet.doPost(FrameworkServlet.java:909) ~[spring-webmvc-5.3.3.jar:5.3.3]
	at javax.servlet.http.HttpServlet.service(HttpServlet.java:652) ~[tomcat-embed-core-9.0.41.jar:4.0.FR]
	at org.springframework.web.servlet.FrameworkServlet.service(FrameworkServlet.java:883) ~[spring-webmvc-5.3.3.jar:5.3.3]
	at javax.servlet.http.HttpServlet.service(HttpServlet.java:733) ~[tomcat-embed-core-9.0.41.jar:4.0.FR]
	at org.apache.catalina.core.ApplicationFilterChain.internalDoFilter(ApplicationFilterChain.java:231) ~[tomcat-embed-core-9.0.41.jar:9.0.41]
	at org.apache.catalina.core.ApplicationFilterChain.doFilter(ApplicationFilterChain.java:166) ~[tomcat-embed-core-9.0.41.jar:9.0.41]
	at org.apache.tomcat.websocket.server.WsFilter.doFilter(WsFilter.java:53) ~[tomcat-embed-websocket-9.0.41.jar:9.0.41]
	at org.apache.catalina.core.ApplicationFilterChain.internalDoFilter(ApplicationFilterChain.java:193) ~[tomcat-embed-core-9.0.41.jar:9.0.41]
	at org.apache.catalina.core.ApplicationFilterChain.doFilter(ApplicationFilterChain.java:166) ~[tomcat-embed-core-9.0.41.jar:9.0.41]
	at org.springframework.web.filter.RequestContextFilter.doFilterInternal(RequestContextFilter.java:100) ~[spring-web-5.3.3.jar:5.3.3]
	at org.springframework.web.filter.OncePerRequestFilter.doFilter(OncePerRequestFilter.java:119) ~[spring-web-5.3.3.jar:5.3.3]
	at org.apache.catalina.core.ApplicationFilterChain.internalDoFilter(ApplicationFilterChain.java:193) ~[tomcat-embed-core-9.0.41.jar:9.0.41]
	at org.apache.catalina.core.ApplicationFilterChain.doFilter(ApplicationFilterChain.java:166) ~[tomcat-embed-core-9.0.41.jar:9.0.41]
	at org.springframework.web.filter.FormContentFilter.doFilterInternal(FormContentFilter.java:93) ~[spring-web-5.3.3.jar:5.3.3]
	at org.springframework.web.filter.OncePerRequestFilter.doFilter(OncePerRequestFilter.java:119) ~[spring-web-5.3.3.jar:5.3.3]
	at org.apache.catalina.core.ApplicationFilterChain.internalDoFilter(ApplicationFilterChain.java:193) ~[tomcat-embed-core-9.0.41.jar:9.0.41]
	at org.apache.catalina.core.ApplicationFilterChain.doFilter(ApplicationFilterChain.java:166) ~[tomcat-embed-core-9.0.41.jar:9.0.41]
	at org.springframework.web.filter.CharacterEncodingFilter.doFilterInternal(CharacterEncodingFilter.java:201) ~[spring-web-5.3.3.jar:5.3.3]
	at org.springframework.web.filter.OncePerRequestFilter.doFilter(OncePerRequestFilter.java:119) ~[spring-web-5.3.3.jar:5.3.3]
	at org.apache.catalina.core.ApplicationFilterChain.internalDoFilter(ApplicationFilterChain.java:193) ~[tomcat-embed-core-9.0.41.jar:9.0.41]
	at org.apache.catalina.core.ApplicationFilterChain.doFilter(ApplicationFilterChain.java:166) ~[tomcat-embed-core-9.0.41.jar:9.0.41]
	at org.apache.catalina.core.StandardWrapperValve.invoke(StandardWrapperValve.java:202) ~[tomcat-embed-core-9.0.41.jar:9.0.41]
	at org.apache.catalina.core.StandardContextValve.invoke(StandardContextValve.java:97) [tomcat-embed-core-9.0.41.jar:9.0.41]
	at org.apache.catalina.authenticator.AuthenticatorBase.invoke(AuthenticatorBase.java:542) [tomcat-embed-core-9.0.41.jar:9.0.41]
	at org.apache.catalina.core.StandardHostValve.invoke(StandardHostValve.java:143) [tomcat-embed-core-9.0.41.jar:9.0.41]
	at org.apache.catalina.valves.ErrorReportValve.invoke(ErrorReportValve.java:92) [tomcat-embed-core-9.0.41.jar:9.0.41]
	at org.apache.catalina.core.StandardEngineValve.invoke(StandardEngineValve.java:78) [tomcat-embed-core-9.0.41.jar:9.0.41]
	at org.apache.catalina.connector.CoyoteAdapter.service(CoyoteAdapter.java:343) [tomcat-embed-core-9.0.41.jar:9.0.41]
	at org.apache.coyote.http11.Http11Processor.service(Http11Processor.java:374) [tomcat-embed-core-9.0.41.jar:9.0.41]
	at org.apache.coyote.AbstractProcessorLight.process(AbstractProcessorLight.java:65) [tomcat-embed-core-9.0.41.jar:9.0.41]
	at org.apache.coyote.AbstractProtocol$ConnectionHandler.process(AbstractProtocol.java:888) [tomcat-embed-core-9.0.41.jar:9.0.41]
	at org.apache.tomcat.util.net.NioEndpoint$SocketProcessor.doRun(NioEndpoint.java:1597) [tomcat-embed-core-9.0.41.jar:9.0.41]
	at org.apache.tomcat.util.net.SocketProcessorBase.run(SocketProcessorBase.java:49) [tomcat-embed-core-9.0.41.jar:9.0.41]
	at java.util.concurrent.ThreadPoolExecutor.runWorker(ThreadPoolExecutor.java:1149) [na:1.8.0_251]
	at java.util.concurrent.ThreadPoolExecutor$Worker.run(ThreadPoolExecutor.java:624) [na:1.8.0_251]
	at org.apache.tomcat.util.threads.TaskThread$WrappingRunnable.run(TaskThread.java:61) [tomcat-embed-core-9.0.41.jar:9.0.41]
	at java.lang.Thread.run(Thread.java:748) [na:1.8.0_251]

2021-02-05 09:34:08.720  INFO 8408 --- [restartedMain] c.hoperun.pesystem.PesystemApplication   : Starting PesystemApplication using Java 1.8.0_251 on NOTE170076 with PID 8408 (E:\Ideaproject\Points_Exchange_System\target\classes started by Administrator in E:\Ideaproject\Points_Exchange_System)
2021-02-05 09:34:08.724  INFO 8408 --- [restartedMain] c.hoperun.pesystem.PesystemApplication   : No active profile set, falling back to default profiles: default
2021-02-05 09:34:08.815  INFO 8408 --- [restartedMain] .e.DevToolsPropertyDefaultsPostProcessor : Devtools property defaults active! Set 'spring.devtools.add-properties' to 'false' to disable
2021-02-05 09:34:08.816  INFO 8408 --- [restartedMain] .e.DevToolsPropertyDefaultsPostProcessor : For additional web related logging consider setting the 'logging.level.web' property to 'DEBUG'
2021-02-05 09:34:10.134  INFO 8408 --- [restartedMain] o.s.b.w.embedded.tomcat.TomcatWebServer  : Tomcat initialized with port(s): 8080 (http)
2021-02-05 09:34:10.142  INFO 8408 --- [restartedMain] o.apache.catalina.core.StandardService   : Starting service [Tomcat]
2021-02-05 09:34:10.143  INFO 8408 --- [restartedMain] org.apache.catalina.core.StandardEngine  : Starting Servlet engine: [Apache Tomcat/9.0.41]
2021-02-05 09:34:10.210  INFO 8408 --- [restartedMain] o.a.c.c.C.[Tomcat].[localhost].[/]       : Initializing Spring embedded WebApplicationContext
2021-02-05 09:34:10.210  INFO 8408 --- [restartedMain] w.s.c.ServletWebServerApplicationContext : Root WebApplicationContext: initialization completed in 1393 ms
2021-02-05 09:34:10.870  INFO 8408 --- [restartedMain] o.s.s.concurrent.ThreadPoolTaskExecutor  : Initializing ExecutorService 'applicationTaskExecutor'
2021-02-05 09:34:11.170  INFO 8408 --- [restartedMain] o.s.s.c.ThreadPoolTaskScheduler          : Initializing ExecutorService 'taskScheduler'
2021-02-05 09:34:11.207  INFO 8408 --- [restartedMain] o.s.b.d.a.OptionalLiveReloadServer       : LiveReload server is running on port 35729
2021-02-05 09:34:11.243  INFO 8408 --- [restartedMain] o.s.b.w.embedded.tomcat.TomcatWebServer  : Tomcat started on port(s): 8080 (http) with context path ''
2021-02-05 09:34:11.254  INFO 8408 --- [restartedMain] c.hoperun.pesystem.PesystemApplication   : Started PesystemApplication in 3.185 seconds (JVM running for 4.391)
2021-02-05 09:49:36.027  INFO 6372 --- [restartedMain] c.hoperun.pesystem.PesystemApplication   : Starting PesystemApplication using Java 1.8.0_251 on NOTE170076 with PID 6372 (E:\Ideaproject\Points_Exchange_System\target\classes started by Administrator in E:\Ideaproject\Points_Exchange_System)
2021-02-05 09:49:36.031  INFO 6372 --- [restartedMain] c.hoperun.pesystem.PesystemApplication   : No active profile set, falling back to default profiles: default
2021-02-05 09:49:36.157  INFO 6372 --- [restartedMain] .e.DevToolsPropertyDefaultsPostProcessor : Devtools property defaults active! Set 'spring.devtools.add-properties' to 'false' to disable
2021-02-05 09:49:36.158  INFO 6372 --- [restartedMain] .e.DevToolsPropertyDefaultsPostProcessor : For additional web related logging consider setting the 'logging.level.web' property to 'DEBUG'
2021-02-05 09:49:37.679  INFO 6372 --- [restartedMain] o.s.b.w.embedded.tomcat.TomcatWebServer  : Tomcat initialized with port(s): 8080 (http)
2021-02-05 09:49:37.689  INFO 6372 --- [restartedMain] o.apache.catalina.core.StandardService   : Starting service [Tomcat]
2021-02-05 09:49:37.689  INFO 6372 --- [restartedMain] org.apache.catalina.core.StandardEngine  : Starting Servlet engine: [Apache Tomcat/9.0.41]
2021-02-05 09:49:37.769  INFO 6372 --- [restartedMain] o.a.c.c.C.[Tomcat].[localhost].[/]       : Initializing Spring embedded WebApplicationContext
2021-02-05 09:49:37.770  INFO 6372 --- [restartedMain] w.s.c.ServletWebServerApplicationContext : Root WebApplicationContext: initialization completed in 1610 ms
2021-02-05 09:49:38.560  INFO 6372 --- [restartedMain] o.s.s.concurrent.ThreadPoolTaskExecutor  : Initializing ExecutorService 'applicationTaskExecutor'
2021-02-05 09:49:39.017  INFO 6372 --- [restartedMain] o.s.s.c.ThreadPoolTaskScheduler          : Initializing ExecutorService 'taskScheduler'
2021-02-05 09:49:39.056  INFO 6372 --- [restartedMain] o.s.b.d.a.OptionalLiveReloadServer       : LiveReload server is running on port 35729
2021-02-05 09:49:39.095  INFO 6372 --- [restartedMain] o.s.b.w.embedded.tomcat.TomcatWebServer  : Tomcat started on port(s): 8080 (http) with context path ''
2021-02-05 09:49:39.109  INFO 6372 --- [restartedMain] c.hoperun.pesystem.PesystemApplication   : Started PesystemApplication in 3.688 seconds (JVM running for 4.861)
2021-02-05 09:49:54.644  INFO 6372 --- [http-nio-8080-exec-2] o.a.c.c.C.[Tomcat].[localhost].[/]       : Initializing Spring DispatcherServlet 'dispatcherServlet'
2021-02-05 09:49:54.645  INFO 6372 --- [http-nio-8080-exec-2] o.s.web.servlet.DispatcherServlet        : Initializing Servlet 'dispatcherServlet'
2021-02-05 09:49:54.646  INFO 6372 --- [http-nio-8080-exec-2] o.s.web.servlet.DispatcherServlet        : Completed initialization in 1 ms
2021-02-05 09:49:55.071  INFO 6372 --- [http-nio-8080-exec-2] com.zaxxer.hikari.HikariDataSource       : HikariPool-1 - Starting...
2021-02-05 09:49:55.655  INFO 6372 --- [http-nio-8080-exec-2] com.zaxxer.hikari.HikariDataSource       : HikariPool-1 - Start completed.
2021-02-05 09:49:55.664 DEBUG 6372 --- [http-nio-8080-exec-2] c.h.p.mapper.UserMapper.selectByExample  : ==>  Preparing: select user_id, user_username, user_password, user_phone_number, user_caption_url, user_birthday, user_integral from t_user WHERE ( user_phone_number = ? )
2021-02-05 09:49:55.688 DEBUG 6372 --- [http-nio-8080-exec-2] c.h.p.mapper.UserMapper.selectByExample  : ==> Parameters: 18792922021(String)
2021-02-05 09:49:55.741 DEBUG 6372 --- [http-nio-8080-exec-2] c.h.p.mapper.UserMapper.selectByExample  : <==      Total: 1
2021-02-05 09:49:55.745 DEBUG 6372 --- [http-nio-8080-exec-2] c.h.p.m.GoodsMapper.selectByPrimaryKey   : ==>  Preparing: select goods_id, goods_name, goods_type_id, goods_integral, goods_photo_index_big_url, goods_photo_index_sm_url, goods_photo_url, goods_start_time, goods_end_time, goods_introduce, goods_flag , goods_infromation from t_goods where goods_id = ?
2021-02-05 09:49:55.745 DEBUG 6372 --- [http-nio-8080-exec-2] c.h.p.m.GoodsMapper.selectByPrimaryKey   : ==> Parameters: 8(Integer)
2021-02-05 09:49:55.775 DEBUG 6372 --- [http-nio-8080-exec-2] c.h.p.m.GoodsMapper.selectByPrimaryKey   : <==      Total: 0
2021-02-05 09:50:13.717 DEBUG 6372 --- [http-nio-8080-exec-3] c.h.p.m.G.selectByExample_COUNT          : ==>  Preparing: SELECT count(0) FROM t_goods WHERE (goods_type_id = ? AND goods_flag = ?)
2021-02-05 09:50:13.718 DEBUG 6372 --- [http-nio-8080-exec-3] c.h.p.m.G.selectByExample_COUNT          : ==> Parameters: 9(Integer), 0(Integer)
2021-02-05 09:50:13.746 DEBUG 6372 --- [http-nio-8080-exec-3] c.h.p.m.G.selectByExample_COUNT          : <==      Total: 1
2021-02-05 09:50:32.955 DEBUG 6372 --- [http-nio-8080-exec-4] c.h.p.mapper.TypeMapper.selectByExample  : ==>  Preparing: select type_id, type_flag, type_name from t_type WHERE ( type_flag = ? )
2021-02-05 09:50:32.955 DEBUG 6372 --- [http-nio-8080-exec-4] c.h.p.mapper.TypeMapper.selectByExample  : ==> Parameters: 3(Integer)
2021-02-05 09:50:32.984 DEBUG 6372 --- [http-nio-8080-exec-4] c.h.p.mapper.TypeMapper.selectByExample  : <==      Total: 0
2021-02-05 09:51:44.088 DEBUG 6372 --- [http-nio-8080-exec-8] c.h.p.mapper.TypeMapper.selectByExample  : ==>  Preparing: select type_id, type_flag, type_name from t_type WHERE ( type_flag = ? )
2021-02-05 09:51:44.088 DEBUG 6372 --- [http-nio-8080-exec-8] c.h.p.mapper.TypeMapper.selectByExample  : ==> Parameters: 3(Integer)
2021-02-05 09:51:44.116 DEBUG 6372 --- [http-nio-8080-exec-8] c.h.p.mapper.TypeMapper.selectByExample  : <==      Total: 0
2021-02-05 09:54:15.041  INFO 9916 --- [restartedMain] c.hoperun.pesystem.PesystemApplication   : Starting PesystemApplication using Java 1.8.0_251 on NOTE170076 with PID 9916 (E:\Ideaproject\Points_Exchange_System\target\classes started by Administrator in E:\Ideaproject\Points_Exchange_System)
2021-02-05 09:54:15.045  INFO 9916 --- [restartedMain] c.hoperun.pesystem.PesystemApplication   : No active profile set, falling back to default profiles: default
2021-02-05 09:54:15.154  INFO 9916 --- [restartedMain] .e.DevToolsPropertyDefaultsPostProcessor : Devtools property defaults active! Set 'spring.devtools.add-properties' to 'false' to disable
2021-02-05 09:54:15.155  INFO 9916 --- [restartedMain] .e.DevToolsPropertyDefaultsPostProcessor : For additional web related logging consider setting the 'logging.level.web' property to 'DEBUG'
2021-02-05 09:54:16.836  INFO 9916 --- [restartedMain] o.s.b.w.embedded.tomcat.TomcatWebServer  : Tomcat initialized with port(s): 8080 (http)
2021-02-05 09:54:16.845  INFO 9916 --- [restartedMain] o.apache.catalina.core.StandardService   : Starting service [Tomcat]
2021-02-05 09:54:16.845  INFO 9916 --- [restartedMain] org.apache.catalina.core.StandardEngine  : Starting Servlet engine: [Apache Tomcat/9.0.41]
2021-02-05 09:54:16.914  INFO 9916 --- [restartedMain] o.a.c.c.C.[Tomcat].[localhost].[/]       : Initializing Spring embedded WebApplicationContext
2021-02-05 09:54:16.914  INFO 9916 --- [restartedMain] w.s.c.ServletWebServerApplicationContext : Root WebApplicationContext: initialization completed in 1758 ms
2021-02-05 09:54:17.643  INFO 9916 --- [restartedMain] o.s.s.concurrent.ThreadPoolTaskExecutor  : Initializing ExecutorService 'applicationTaskExecutor'
2021-02-05 09:54:17.997  INFO 9916 --- [restartedMain] o.s.s.c.ThreadPoolTaskScheduler          : Initializing ExecutorService 'taskScheduler'
2021-02-05 09:54:18.040  INFO 9916 --- [restartedMain] o.s.b.d.a.OptionalLiveReloadServer       : LiveReload server is running on port 35729
2021-02-05 09:54:18.080  INFO 9916 --- [restartedMain] o.s.b.w.embedded.tomcat.TomcatWebServer  : Tomcat started on port(s): 8080 (http) with context path ''
2021-02-05 09:54:18.092  INFO 9916 --- [restartedMain] c.hoperun.pesystem.PesystemApplication   : Started PesystemApplication in 4.033 seconds (JVM running for 5.26)
2021-02-05 09:54:40.017  INFO 9916 --- [http-nio-8080-exec-1] o.a.c.c.C.[Tomcat].[localhost].[/]       : Initializing Spring DispatcherServlet 'dispatcherServlet'
2021-02-05 09:54:40.017  INFO 9916 --- [http-nio-8080-exec-1] o.s.web.servlet.DispatcherServlet        : Initializing Servlet 'dispatcherServlet'
2021-02-05 09:54:40.020  INFO 9916 --- [http-nio-8080-exec-1] o.s.web.servlet.DispatcherServlet        : Completed initialization in 2 ms
2021-02-05 09:54:40.442  INFO 9916 --- [http-nio-8080-exec-1] com.zaxxer.hikari.HikariDataSource       : HikariPool-1 - Starting...
2021-02-05 09:54:40.994  INFO 9916 --- [http-nio-8080-exec-1] com.zaxxer.hikari.HikariDataSource       : HikariPool-1 - Start completed.
2021-02-05 09:54:41.004 DEBUG 9916 --- [http-nio-8080-exec-1] c.h.p.mapper.TypeMapper.selectByExample  : ==>  Preparing: select type_id, type_flag, type_name from t_type WHERE ( type_flag = ? )
2021-02-05 09:54:41.026 DEBUG 9916 --- [http-nio-8080-exec-1] c.h.p.mapper.TypeMapper.selectByExample  : ==> Parameters: 3(Integer)
2021-02-05 09:54:41.068 DEBUG 9916 --- [http-nio-8080-exec-1] c.h.p.mapper.TypeMapper.selectByExample  : <==      Total: 0
2021-02-05 09:54:47.199 DEBUG 9916 --- [http-nio-8080-exec-4] c.h.p.mapper.TypeMapper.selectByExample  : ==>  Preparing: select type_id, type_flag, type_name from t_type WHERE ( type_flag = ? )
2021-02-05 09:54:47.199 DEBUG 9916 --- [http-nio-8080-exec-4] c.h.p.mapper.TypeMapper.selectByExample  : ==> Parameters: 3(Integer)
2021-02-05 09:54:47.225 DEBUG 9916 --- [http-nio-8080-exec-4] c.h.p.mapper.TypeMapper.selectByExample  : <==      Total: 0
2021-02-05 09:56:42.744  INFO 13768 --- [restartedMain] c.hoperun.pesystem.PesystemApplication   : Starting PesystemApplication using Java 1.8.0_251 on NOTE170076 with PID 13768 (E:\Ideaproject\Points_Exchange_System\target\classes started by Administrator in E:\Ideaproject\Points_Exchange_System)
2021-02-05 09:56:42.748  INFO 13768 --- [restartedMain] c.hoperun.pesystem.PesystemApplication   : No active profile set, falling back to default profiles: default
2021-02-05 09:56:42.829  INFO 13768 --- [restartedMain] .e.DevToolsPropertyDefaultsPostProcessor : Devtools property defaults active! Set 'spring.devtools.add-properties' to 'false' to disable
2021-02-05 09:56:42.829  INFO 13768 --- [restartedMain] .e.DevToolsPropertyDefaultsPostProcessor : For additional web related logging consider setting the 'logging.level.web' property to 'DEBUG'
2021-02-05 09:56:44.314  INFO 13768 --- [restartedMain] o.s.b.w.embedded.tomcat.TomcatWebServer  : Tomcat initialized with port(s): 8080 (http)
2021-02-05 09:56:44.324  INFO 13768 --- [restartedMain] o.apache.catalina.core.StandardService   : Starting service [Tomcat]
2021-02-05 09:56:44.324  INFO 13768 --- [restartedMain] org.apache.catalina.core.StandardEngine  : Starting Servlet engine: [Apache Tomcat/9.0.41]
2021-02-05 09:56:44.389  INFO 13768 --- [restartedMain] o.a.c.c.C.[Tomcat].[localhost].[/]       : Initializing Spring embedded WebApplicationContext
2021-02-05 09:56:44.389  INFO 13768 --- [restartedMain] w.s.c.ServletWebServerApplicationContext : Root WebApplicationContext: initialization completed in 1559 ms
2021-02-05 09:56:45.058  INFO 13768 --- [restartedMain] o.s.s.concurrent.ThreadPoolTaskExecutor  : Initializing ExecutorService 'applicationTaskExecutor'
2021-02-05 09:56:45.368  INFO 13768 --- [restartedMain] o.s.s.c.ThreadPoolTaskScheduler          : Initializing ExecutorService 'taskScheduler'
2021-02-05 09:56:45.408  INFO 13768 --- [restartedMain] o.s.b.d.a.OptionalLiveReloadServer       : LiveReload server is running on port 35729
2021-02-05 09:56:45.444  INFO 13768 --- [restartedMain] o.s.b.w.embedded.tomcat.TomcatWebServer  : Tomcat started on port(s): 8080 (http) with context path ''
2021-02-05 09:56:45.456  INFO 13768 --- [restartedMain] c.hoperun.pesystem.PesystemApplication   : Started PesystemApplication in 3.356 seconds (JVM running for 4.542)
2021-02-05 09:56:52.250  INFO 13768 --- [http-nio-8080-exec-2] o.a.c.c.C.[Tomcat].[localhost].[/]       : Initializing Spring DispatcherServlet 'dispatcherServlet'
2021-02-05 09:56:52.250  INFO 13768 --- [http-nio-8080-exec-2] o.s.web.servlet.DispatcherServlet        : Initializing Servlet 'dispatcherServlet'
2021-02-05 09:56:52.252  INFO 13768 --- [http-nio-8080-exec-2] o.s.web.servlet.DispatcherServlet        : Completed initialization in 2 ms
2021-02-05 09:56:52.693  INFO 13768 --- [http-nio-8080-exec-2] com.zaxxer.hikari.HikariDataSource       : HikariPool-1 - Starting...
2021-02-05 09:56:53.267  INFO 13768 --- [http-nio-8080-exec-2] com.zaxxer.hikari.HikariDataSource       : HikariPool-1 - Start completed.
2021-02-05 09:56:53.275 DEBUG 13768 --- [http-nio-8080-exec-2] c.h.p.mapper.TypeMapper.selectByExample  : ==>  Preparing: select type_id, type_flag, type_name from t_type WHERE ( type_flag = ? )
2021-02-05 09:56:53.296 DEBUG 13768 --- [http-nio-8080-exec-2] c.h.p.mapper.TypeMapper.selectByExample  : ==> Parameters: 3(Integer)
2021-02-05 09:56:53.341 DEBUG 13768 --- [http-nio-8080-exec-2] c.h.p.mapper.TypeMapper.selectByExample  : <==      Total: 0
2021-02-05 09:57:02.794 DEBUG 13768 --- [http-nio-8080-exec-4] c.h.p.m.G.selectByExample_COUNT          : ==>  Preparing: SELECT count(0) FROM t_goods WHERE (goods_type_id = ? AND goods_flag = ?)
2021-02-05 09:57:02.795 DEBUG 13768 --- [http-nio-8080-exec-4] c.h.p.m.G.selectByExample_COUNT          : ==> Parameters: 9(Integer), 0(Integer)
2021-02-05 09:57:02.829 DEBUG 13768 --- [http-nio-8080-exec-4] c.h.p.m.G.selectByExample_COUNT          : <==      Total: 1
2021-02-05 09:58:20.817 DEBUG 13768 --- [http-nio-8080-exec-6] c.h.p.m.GoodsMapper.selectByPrimaryKey   : ==>  Preparing: select goods_id, goods_name, goods_type_id, goods_integral, goods_photo_index_big_url, goods_photo_index_sm_url, goods_photo_url, goods_start_time, goods_end_time, goods_introduce, goods_flag , goods_infromation from t_goods where goods_id = ?
2021-02-05 09:58:20.821 DEBUG 13768 --- [http-nio-8080-exec-6] c.h.p.m.GoodsMapper.selectByPrimaryKey   : ==> Parameters: 9(Integer)
2021-02-05 09:58:20.853 DEBUG 13768 --- [http-nio-8080-exec-6] c.h.p.m.GoodsMapper.selectByPrimaryKey   : <==      Total: 0
2021-02-05 10:04:28.848  INFO 13760 --- [restartedMain] c.hoperun.pesystem.PesystemApplication   : Starting PesystemApplication using Java 1.8.0_251 on NOTE170076 with PID 13760 (E:\Ideaproject\Points_Exchange_System\target\classes started by Administrator in E:\Ideaproject\Points_Exchange_System)
2021-02-05 10:04:28.851  INFO 13760 --- [restartedMain] c.hoperun.pesystem.PesystemApplication   : No active profile set, falling back to default profiles: default
2021-02-05 10:04:28.954  INFO 13760 --- [restartedMain] .e.DevToolsPropertyDefaultsPostProcessor : Devtools property defaults active! Set 'spring.devtools.add-properties' to 'false' to disable
2021-02-05 10:04:28.954  INFO 13760 --- [restartedMain] .e.DevToolsPropertyDefaultsPostProcessor : For additional web related logging consider setting the 'logging.level.web' property to 'DEBUG'
2021-02-05 10:04:30.460  INFO 13760 --- [restartedMain] o.s.b.w.embedded.tomcat.TomcatWebServer  : Tomcat initialized with port(s): 8080 (http)
2021-02-05 10:04:30.468  INFO 13760 --- [restartedMain] o.apache.catalina.core.StandardService   : Starting service [Tomcat]
2021-02-05 10:04:30.469  INFO 13760 --- [restartedMain] org.apache.catalina.core.StandardEngine  : Starting Servlet engine: [Apache Tomcat/9.0.41]
2021-02-05 10:04:30.561  INFO 13760 --- [restartedMain] o.a.c.c.C.[Tomcat].[localhost].[/]       : Initializing Spring embedded WebApplicationContext
2021-02-05 10:04:30.561  INFO 13760 --- [restartedMain] w.s.c.ServletWebServerApplicationContext : Root WebApplicationContext: initialization completed in 1606 ms
2021-02-05 10:04:31.295  INFO 13760 --- [restartedMain] o.s.s.concurrent.ThreadPoolTaskExecutor  : Initializing ExecutorService 'applicationTaskExecutor'
2021-02-05 10:04:31.649  INFO 13760 --- [restartedMain] o.s.s.c.ThreadPoolTaskScheduler          : Initializing ExecutorService 'taskScheduler'
2021-02-05 10:04:31.688  INFO 13760 --- [restartedMain] o.s.b.d.a.OptionalLiveReloadServer       : LiveReload server is running on port 35729
2021-02-05 10:04:31.726  INFO 13760 --- [restartedMain] o.s.b.w.embedded.tomcat.TomcatWebServer  : Tomcat started on port(s): 8080 (http) with context path ''
2021-02-05 10:04:31.738  INFO 13760 --- [restartedMain] c.hoperun.pesystem.PesystemApplication   : Started PesystemApplication in 3.64 seconds (JVM running for 5.188)
2021-02-05 10:30:35.005  INFO 12776 --- [restartedMain] c.hoperun.pesystem.PesystemApplication   : Starting PesystemApplication using Java 1.8.0_251 on NOTE170076 with PID 12776 (E:\Ideaproject\Points_Exchange_System\target\classes started by Administrator in E:\Ideaproject\Points_Exchange_System)
2021-02-05 10:30:35.010  INFO 12776 --- [restartedMain] c.hoperun.pesystem.PesystemApplication   : No active profile set, falling back to default profiles: default
2021-02-05 10:30:35.092  INFO 12776 --- [restartedMain] .e.DevToolsPropertyDefaultsPostProcessor : Devtools property defaults active! Set 'spring.devtools.add-properties' to 'false' to disable
2021-02-05 10:30:35.092  INFO 12776 --- [restartedMain] .e.DevToolsPropertyDefaultsPostProcessor : For additional web related logging consider setting the 'logging.level.web' property to 'DEBUG'
2021-02-05 10:30:36.724  INFO 12776 --- [restartedMain] o.s.b.w.embedded.tomcat.TomcatWebServer  : Tomcat initialized with port(s): 8080 (http)
2021-02-05 10:30:36.733  INFO 12776 --- [restartedMain] o.apache.catalina.core.StandardService   : Starting service [Tomcat]
2021-02-05 10:30:36.734  INFO 12776 --- [restartedMain] org.apache.catalina.core.StandardEngine  : Starting Servlet engine: [Apache Tomcat/9.0.41]
2021-02-05 10:30:36.809  INFO 12776 --- [restartedMain] o.a.c.c.C.[Tomcat].[localhost].[/]       : Initializing Spring embedded WebApplicationContext
2021-02-05 10:30:36.810  INFO 12776 --- [restartedMain] w.s.c.ServletWebServerApplicationContext : Root WebApplicationContext: initialization completed in 1717 ms
2021-02-05 10:30:37.485  INFO 12776 --- [restartedMain] o.s.s.concurrent.ThreadPoolTaskExecutor  : Initializing ExecutorService 'applicationTaskExecutor'
2021-02-05 10:30:37.798  INFO 12776 --- [restartedMain] o.s.s.c.ThreadPoolTaskScheduler          : Initializing ExecutorService 'taskScheduler'
2021-02-05 10:30:37.837  INFO 12776 --- [restartedMain] o.s.b.d.a.OptionalLiveReloadServer       : LiveReload server is running on port 35729
2021-02-05 10:30:37.873  INFO 12776 --- [restartedMain] o.s.b.w.embedded.tomcat.TomcatWebServer  : Tomcat started on port(s): 8080 (http) with context path ''
2021-02-05 10:30:37.885  INFO 12776 --- [restartedMain] c.hoperun.pesystem.PesystemApplication   : Started PesystemApplication in 3.463 seconds (JVM running for 4.941)
2021-02-05 10:33:17.658  INFO 12624 --- [restartedMain] c.hoperun.pesystem.PesystemApplication   : Starting PesystemApplication using Java 1.8.0_251 on NOTE170076 with PID 12624 (E:\Ideaproject\Points_Exchange_System\target\classes started by Administrator in E:\Ideaproject\Points_Exchange_System)
2021-02-05 10:33:17.661  INFO 12624 --- [restartedMain] c.hoperun.pesystem.PesystemApplication   : No active profile set, falling back to default profiles: default
2021-02-05 10:33:17.773  INFO 12624 --- [restartedMain] .e.DevToolsPropertyDefaultsPostProcessor : Devtools property defaults active! Set 'spring.devtools.add-properties' to 'false' to disable
2021-02-05 10:33:17.774  INFO 12624 --- [restartedMain] .e.DevToolsPropertyDefaultsPostProcessor : For additional web related logging consider setting the 'logging.level.web' property to 'DEBUG'
2021-02-05 10:33:19.381  INFO 12624 --- [restartedMain] o.s.b.w.embedded.tomcat.TomcatWebServer  : Tomcat initialized with port(s): 8080 (http)
2021-02-05 10:33:19.391  INFO 12624 --- [restartedMain] o.apache.catalina.core.StandardService   : Starting service [Tomcat]
2021-02-05 10:33:19.391  INFO 12624 --- [restartedMain] org.apache.catalina.core.StandardEngine  : Starting Servlet engine: [Apache Tomcat/9.0.41]
2021-02-05 10:33:19.469  INFO 12624 --- [restartedMain] o.a.c.c.C.[Tomcat].[localhost].[/]       : Initializing Spring embedded WebApplicationContext
2021-02-05 10:33:19.470  INFO 12624 --- [restartedMain] w.s.c.ServletWebServerApplicationContext : Root WebApplicationContext: initialization completed in 1695 ms
2021-02-05 10:33:20.205  INFO 12624 --- [restartedMain] o.s.s.concurrent.ThreadPoolTaskExecutor  : Initializing ExecutorService 'applicationTaskExecutor'
2021-02-05 10:33:20.544  INFO 12624 --- [restartedMain] o.s.s.c.ThreadPoolTaskScheduler          : Initializing ExecutorService 'taskScheduler'
2021-02-05 10:33:20.587  INFO 12624 --- [restartedMain] o.s.b.d.a.OptionalLiveReloadServer       : LiveReload server is running on port 35729
2021-02-05 10:33:20.630  INFO 12624 --- [restartedMain] o.s.b.w.embedded.tomcat.TomcatWebServer  : Tomcat started on port(s): 8080 (http) with context path ''
2021-02-05 10:33:20.645  INFO 12624 --- [restartedMain] c.hoperun.pesystem.PesystemApplication   : Started PesystemApplication in 3.834 seconds (JVM running for 5.205)
2021-02-05 10:33:33.705  INFO 12624 --- [http-nio-8080-exec-2] o.a.c.c.C.[Tomcat].[localhost].[/]       : Initializing Spring DispatcherServlet 'dispatcherServlet'
2021-02-05 10:33:33.706  INFO 12624 --- [http-nio-8080-exec-2] o.s.web.servlet.DispatcherServlet        : Initializing Servlet 'dispatcherServlet'
2021-02-05 10:33:33.707  INFO 12624 --- [http-nio-8080-exec-2] o.s.web.servlet.DispatcherServlet        : Completed initialization in 1 ms
2021-02-05 10:33:34.124  INFO 12624 --- [http-nio-8080-exec-2] com.zaxxer.hikari.HikariDataSource       : HikariPool-1 - Starting...
2021-02-05 10:33:34.691  INFO 12624 --- [http-nio-8080-exec-2] com.zaxxer.hikari.HikariDataSource       : HikariPool-1 - Start completed.
2021-02-05 10:33:34.701 DEBUG 12624 --- [http-nio-8080-exec-2] c.h.p.m.TypeMapper.selectByPrimaryKey    : ==>  Preparing: select type_id, type_flag, type_name from t_type where type_id = ?
2021-02-05 10:33:34.722 DEBUG 12624 --- [http-nio-8080-exec-2] c.h.p.m.TypeMapper.selectByPrimaryKey    : ==> Parameters: 9(Integer)
2021-02-05 10:33:34.765 DEBUG 12624 --- [http-nio-8080-exec-2] c.h.p.m.TypeMapper.selectByPrimaryKey    : <==      Total: 0
2021-02-05 10:33:34.823 DEBUG 12624 --- [http-nio-8080-exec-2] c.h.p.m.G.selectByExample_COUNT          : ==>  Preparing: SELECT count(0) FROM t_goods WHERE (goods_type_id = ? AND goods_flag = ?)
2021-02-05 10:33:34.824 DEBUG 12624 --- [http-nio-8080-exec-2] c.h.p.m.G.selectByExample_COUNT          : ==> Parameters: 9(Integer), 0(Integer)
2021-02-05 10:33:34.852 DEBUG 12624 --- [http-nio-8080-exec-2] c.h.p.m.G.selectByExample_COUNT          : <==      Total: 1
2021-02-05 10:34:50.312  INFO 12580 --- [restartedMain] c.hoperun.pesystem.PesystemApplication   : Starting PesystemApplication using Java 1.8.0_251 on NOTE170076 with PID 12580 (E:\Ideaproject\Points_Exchange_System\target\classes started by Administrator in E:\Ideaproject\Points_Exchange_System)
2021-02-05 10:34:50.318  INFO 12580 --- [restartedMain] c.hoperun.pesystem.PesystemApplication   : No active profile set, falling back to default profiles: default
2021-02-05 10:34:50.412  INFO 12580 --- [restartedMain] .e.DevToolsPropertyDefaultsPostProcessor : Devtools property defaults active! Set 'spring.devtools.add-properties' to 'false' to disable
2021-02-05 10:34:50.412  INFO 12580 --- [restartedMain] .e.DevToolsPropertyDefaultsPostProcessor : For additional web related logging consider setting the 'logging.level.web' property to 'DEBUG'
2021-02-05 10:34:51.784  INFO 12580 --- [restartedMain] o.s.b.w.embedded.tomcat.TomcatWebServer  : Tomcat initialized with port(s): 8080 (http)
2021-02-05 10:34:51.792  INFO 12580 --- [restartedMain] o.apache.catalina.core.StandardService   : Starting service [Tomcat]
2021-02-05 10:34:51.792  INFO 12580 --- [restartedMain] org.apache.catalina.core.StandardEngine  : Starting Servlet engine: [Apache Tomcat/9.0.41]
2021-02-05 10:34:51.863  INFO 12580 --- [restartedMain] o.a.c.c.C.[Tomcat].[localhost].[/]       : Initializing Spring embedded WebApplicationContext
2021-02-05 10:34:51.863  INFO 12580 --- [restartedMain] w.s.c.ServletWebServerApplicationContext : Root WebApplicationContext: initialization completed in 1450 ms
2021-02-05 10:34:52.534  INFO 12580 --- [restartedMain] o.s.s.concurrent.ThreadPoolTaskExecutor  : Initializing ExecutorService 'applicationTaskExecutor'
2021-02-05 10:34:52.837  INFO 12580 --- [restartedMain] o.s.s.c.ThreadPoolTaskScheduler          : Initializing ExecutorService 'taskScheduler'
2021-02-05 10:34:52.877  INFO 12580 --- [restartedMain] o.s.b.d.a.OptionalLiveReloadServer       : LiveReload server is running on port 35729
2021-02-05 10:34:52.920  INFO 12580 --- [restartedMain] o.s.b.w.embedded.tomcat.TomcatWebServer  : Tomcat started on port(s): 8080 (http) with context path ''
2021-02-05 10:34:52.933  INFO 12580 --- [restartedMain] c.hoperun.pesystem.PesystemApplication   : Started PesystemApplication in 3.232 seconds (JVM running for 4.512)
2021-02-05 10:34:57.638  INFO 12580 --- [http-nio-8080-exec-2] o.a.c.c.C.[Tomcat].[localhost].[/]       : Initializing Spring DispatcherServlet 'dispatcherServlet'
2021-02-05 10:34:57.638  INFO 12580 --- [http-nio-8080-exec-2] o.s.web.servlet.DispatcherServlet        : Initializing Servlet 'dispatcherServlet'
2021-02-05 10:34:57.639  INFO 12580 --- [http-nio-8080-exec-2] o.s.web.servlet.DispatcherServlet        : Completed initialization in 1 ms
2021-02-05 10:34:58.038  INFO 12580 --- [http-nio-8080-exec-2] com.zaxxer.hikari.HikariDataSource       : HikariPool-1 - Starting...
2021-02-05 10:34:58.591  INFO 12580 --- [http-nio-8080-exec-2] com.zaxxer.hikari.HikariDataSource       : HikariPool-1 - Start completed.
2021-02-05 10:34:58.596 DEBUG 12580 --- [http-nio-8080-exec-2] c.h.p.m.TypeMapper.selectByPrimaryKey    : ==>  Preparing: select type_id, type_flag, type_name from t_type where type_id = ?
2021-02-05 10:34:58.619 DEBUG 12580 --- [http-nio-8080-exec-2] c.h.p.m.TypeMapper.selectByPrimaryKey    : ==> Parameters: 9(Integer)
2021-02-05 10:34:58.666 DEBUG 12580 --- [http-nio-8080-exec-2] c.h.p.m.TypeMapper.selectByPrimaryKey    : <==      Total: 0
